[Thu Mar 05 15:21:50 MST 2020] - INFO passoff.ServerTest: 	Setting up Load Valid Info Test...
[Thu Mar 05 15:21:50 MST 2020] - INFO client.Proxy: 	Clear called
[Thu Mar 05 15:21:50 MST 2020] - INFO client.Client: 	Post without Request Body called
[Thu Mar 05 15:21:50 MST 2020] - INFO client.Client: 	Attempting to open connection to server
[Thu Mar 05 15:21:50 MST 2020] - INFO client.Client: 	Connection opened to server
[Thu Mar 05 15:21:50 MST 2020] - INFO client.Client: 	Setting request method to POST
[Thu Mar 05 15:21:50 MST 2020] - INFO client.Client: 	Request method set to POST
[Thu Mar 05 15:21:50 MST 2020] - INFO client.Client: 	Setting Do Output to true
[Thu Mar 05 15:21:50 MST 2020] - INFO client.Client: 	Do Output set to true
[Thu Mar 05 15:21:50 MST 2020] - INFO client.Client: 	Connecting to server
[Thu Mar 05 15:21:50 MST 2020] - INFO client.Client: 	Connected to server
[Thu Mar 05 15:21:50 MST 2020] - INFO client.Client: 	Getting response code from server
[Thu Mar 05 15:21:51 MST 2020] - INFO client.Client: 	Response code 200 returned
[Thu Mar 05 15:21:51 MST 2020] - INFO client.Client: 	Getting input stream from server
[Thu Mar 05 15:21:51 MST 2020] - INFO client.Client: 	Reading input stream into a string
[Thu Mar 05 15:21:51 MST 2020] - INFO passoff.ServerTest: 	Running Load Valid Info Test...
[Thu Mar 05 15:21:51 MST 2020] - INFO client.Proxy: 	Load called
[Thu Mar 05 15:21:51 MST 2020] - INFO client.Client: 	Post with Request Body called
[Thu Mar 05 15:21:51 MST 2020] - INFO client.Client: 	Attempting to open connection to server
[Thu Mar 05 15:21:51 MST 2020] - INFO client.Client: 	Connection opened to server
[Thu Mar 05 15:21:51 MST 2020] - INFO client.Client: 	Setting request method to POST
[Thu Mar 05 15:21:51 MST 2020] - INFO client.Client: 	Request method set to POST
[Thu Mar 05 15:21:51 MST 2020] - INFO client.Client: 	Setting Do Output to true
[Thu Mar 05 15:21:51 MST 2020] - INFO client.Client: 	Do Output set to true
[Thu Mar 05 15:21:51 MST 2020] - INFO client.Client: 	Connecting to server
[Thu Mar 05 15:21:51 MST 2020] - INFO client.Client: 	Connected to server
[Thu Mar 05 15:21:51 MST 2020] - INFO client.Client: 	Opening output stream to server
[Thu Mar 05 15:21:51 MST 2020] - INFO client.Client: 	Writing request to server output stream
[Thu Mar 05 15:21:51 MST 2020] - INFO client.Client: 	Request written to server output stream
[Thu Mar 05 15:21:51 MST 2020] - INFO client.Client: 	Closing output stream to server
[Thu Mar 05 15:21:51 MST 2020] - INFO client.Client: 	Output stream to server closed
[Thu Mar 05 15:21:51 MST 2020] - INFO client.Client: 	Getting response code from server
[Thu Mar 05 15:21:54 MST 2020] - INFO client.Client: 	Response code 200 returned
[Thu Mar 05 15:21:54 MST 2020] - INFO client.Client: 	Getting input stream from server
[Thu Mar 05 15:21:54 MST 2020] - INFO client.Client: 	Reading input stream into a string
[Thu Mar 05 15:21:54 MST 2020] - INFO client.Proxy: 	Login called
[Thu Mar 05 15:21:54 MST 2020] - INFO client.Client: 	Post with Request Body called
[Thu Mar 05 15:21:54 MST 2020] - INFO client.Client: 	Attempting to open connection to server
[Thu Mar 05 15:21:54 MST 2020] - INFO client.Client: 	Connection opened to server
[Thu Mar 05 15:21:54 MST 2020] - INFO client.Client: 	Setting request method to POST
[Thu Mar 05 15:21:54 MST 2020] - INFO client.Client: 	Request method set to POST
[Thu Mar 05 15:21:54 MST 2020] - INFO client.Client: 	Setting Do Output to true
[Thu Mar 05 15:21:54 MST 2020] - INFO client.Client: 	Do Output set to true
[Thu Mar 05 15:21:54 MST 2020] - INFO client.Client: 	Connecting to server
[Thu Mar 05 15:21:54 MST 2020] - INFO client.Client: 	Connected to server
[Thu Mar 05 15:21:54 MST 2020] - INFO client.Client: 	Opening output stream to server
[Thu Mar 05 15:21:54 MST 2020] - INFO client.Client: 	Writing request to server output stream
[Thu Mar 05 15:21:54 MST 2020] - INFO client.Client: 	Request written to server output stream
[Thu Mar 05 15:21:54 MST 2020] - INFO client.Client: 	Closing output stream to server
[Thu Mar 05 15:21:54 MST 2020] - INFO client.Client: 	Output stream to server closed
[Thu Mar 05 15:21:54 MST 2020] - INFO client.Client: 	Getting response code from server
[Thu Mar 05 15:21:54 MST 2020] - INFO client.Client: 	Response code 200 returned
[Thu Mar 05 15:21:54 MST 2020] - INFO client.Client: 	Getting input stream from server
[Thu Mar 05 15:21:54 MST 2020] - INFO client.Client: 	Reading input stream into a string
[Thu Mar 05 15:21:54 MST 2020] - INFO client.Proxy: 	Events called
[Thu Mar 05 15:21:54 MST 2020] - INFO client.Client: 	Get with Auth Token called
[Thu Mar 05 15:21:54 MST 2020] - INFO client.Client: 	Attempting to open connection to server
[Thu Mar 05 15:21:54 MST 2020] - INFO client.Client: 	Connection opened to server
[Thu Mar 05 15:21:54 MST 2020] - INFO client.Client: 	Setting request method to GET
[Thu Mar 05 15:21:54 MST 2020] - INFO client.Client: 	Request method set to GET
[Thu Mar 05 15:21:54 MST 2020] - INFO client.Client: 	Setting Do Output to false
[Thu Mar 05 15:21:54 MST 2020] - INFO client.Client: 	Do Output set to false
[Thu Mar 05 15:21:54 MST 2020] - INFO client.Client: 	Adding Auth token bee5dbba-2a27-45c4-add3-8a8d4552fa0a
[Thu Mar 05 15:21:54 MST 2020] - INFO client.Client: 	Auth token set to bee5dbba-2a27-45c4-add3-8a8d4552fa0a
[Thu Mar 05 15:21:54 MST 2020] - INFO client.Client: 	Connecting to server
[Thu Mar 05 15:21:54 MST 2020] - INFO client.Client: 	Connected to server
[Thu Mar 05 15:21:54 MST 2020] - INFO client.Client: 	Getting response code from server
